<?xml version="1.0" encoding="UTF-8"?>

<mule xmlns:json="http://www.mulesoft.org/schema/mule/json" 
	xmlns="http://www.mulesoft.org/schema/mule/core" 
	xmlns:siebel="http://www.mulesoft.org/schema/mule/siebel" 
	xmlns:sfdc="http://www.mulesoft.org/schema/mule/sfdc" 
	xmlns:doc="http://www.mulesoft.org/schema/mule/documentation" 
	xmlns:spring="http://www.springframework.org/schema/beans" 
	xmlns:core="http://www.mulesoft.org/schema/mule/core"  
	xmlns:xsi="http://www.w3.org/2001/XMLSchema-instance" 
	xsi:schemaLocation="http://www.mulesoft.org/schema/mule/siebel http://www.mulesoft.org/schema/mule/siebel/current/mule-siebel.xsd
http://www.mulesoft.org/schema/mule/sfdc http://www.mulesoft.org/schema/mule/sfdc/current/mule-sfdc.xsd
http://www.springframework.org/schema/beans http://www.springframework.org/schema/beans/spring-beans-current.xsd
http://www.mulesoft.org/schema/mule/core http://www.mulesoft.org/schema/mule/core/current/mule.xsd
http://www.mulesoft.org/schema/mule/json http://www.mulesoft.org/schema/mule/json/current/mule-json.xsd">

    <sub-flow name="createAccountInSiebel" >
        <logger message="Creating Account in Siebel: #[payload]" level="INFO" doc:name="Logger"/>
        <siebel:create-business-component config-ref="OracleSiebelBusinessObjects" businessObjectComponentType="Account.Account" doc:name="Oracle Siebel Business Objects">
            <siebel:business-component-fields ref="#[payload]"/>
        </siebel:create-business-component>
        <logger message="CreateAccountInSiebel finished #[payload.getCreatedObjects()]" level="INFO" doc:name="Logger"/>
    </sub-flow>
    <sub-flow name="createContactInSiebel" >
        <logger message="Creating Contact in Siebel: #[payload]" level="INFO" doc:name="Logger"/>
        <siebel:create-business-component config-ref="OracleSiebelBusinessObjects" businessObjectComponentType="Contact.Contact" doc:name="Oracle Siebel Business Objects">
            <siebel:business-component-fields ref="#[payload]"/>
        </siebel:create-business-component>
        <logger message="CreateContactInSiebel finished #[payload.getCreatedObjects()]" level="INFO" doc:name="Logger"/>
    </sub-flow>    
    <sub-flow name="deleteAccountSiebel" >
        <foreach doc:name="For Each">
            <logger message="Deleting Siebel Account: #[payload]" level="INFO" doc:name="Logger"/>
            <siebel:delete-business-component config-ref="OracleSiebelBusinessObjects" businessComponentId="#[payload]" businessObjectComponentType="Account.Account" doc:name="Oracle Siebel Business Objects"/>
        </foreach>
    </sub-flow>
    <sub-flow name="queryAccountSiebel" >
        <siebel:query-business-components config-ref="OracleSiebelBusinessObjects" businessObjectComponentType="Account.Account" searchExpression="[Name] = '#[payload.Name]'" doc:name="Oracle Siebel Business Objects">
            <siebel:fields-to-retrieve>
                <siebel:fields-to-retrieve>Id</siebel:fields-to-retrieve>
            </siebel:fields-to-retrieve>
        </siebel:query-business-components>
        <logger message="Query Account in Siebel: #[payload]" level="INFO" doc:name="Logger"/>
    </sub-flow>
    <sub-flow name="deleteContactSiebel" >
        <foreach doc:name="For Each">
            <siebel:delete-business-component config-ref="OracleSiebelBusinessObjects" businessComponentId="#[payload]" businessObjectComponentType="Contact.Contact" doc:name="Oracle Siebel Business Objects"/>
            <logger message="Delete Contact in Siebel result: #[payload]" level="INFO" doc:name="Logger"/>
        </foreach>
    </sub-flow>

    <sub-flow name="deleteObjectFromSalesforce" >
        <logger message="Deleting Salesforce Object: #[payload]" level="INFO" doc:name="Logger"/>
        <sfdc:delete config-ref="Salesforce" doc:name="Salesforce">
            <sfdc:ids ref="#[payload]"/>
        </sfdc:delete>
        <logger message="SFDC Delete result: #[payload]" level="INFO" doc:name="Logger"/>

    </sub-flow>
    <sub-flow name="queryContactFromSalesforce" >
        <sfdc:query config-ref="Salesforce" query="dsql:SELECT Id, FirstName,Email, AccountId FROM Contact where Email = '#[payload[&quot;Email Address&quot;]]'" doc:name="Salesforce"/>
        <logger message="Query SFDC Contact#[payload]" level="INFO" doc:name="Logger"/>
    </sub-flow>
</mule>
